<?xml version="1.0" encoding="UTF-8"?>
<!-- Generated by org.testng.reporters.JUnitXMLReporter -->
<testsuite ignored="36" hostname="STA-112934-1" failures="0" tests="19" name="CalenderTest" time="77.954" errors="0" timestamp="2025-06-29T12:30:42 WIB">
  <testcase classname="com.dikahadir_selenium.testCases.calender.TC_E_001" name="addCalenderSuccess" time="3.96"/>
  <testcase classname="com.dikahadir_selenium.testCases.calender.TC_E_002" name="addCalenderEmpty" time="1.294"/>
  <testcase classname="com.dikahadir_selenium.testCases.calender.TC_E_003" name="addCalenderEmpty" time="0.979"/>
  <testcase classname="com.dikahadir_selenium.testCases.calender.TC_E_004" name="resetCalenderSearch" time="2.027"/>
  <testcase classname="com.dikahadir_selenium.testCases.calender.TC_E_005" name="editCalenderSuccess" time="2.251"/>
  <testcase classname="com.dikahadir_selenium.testCases.calender.TC_E_006" name="editCalenderEmpty" time="1.563"/>
  <testcase classname="com.dikahadir_selenium.testCases.calender.TC_E_007" name="deleteSuccess" time="2.562"/>
  <testcase classname="com.dikahadir_selenium.testCases.calender.TC_E_008" name="detailCalender" time="1.21"/>
  <testcase classname="com.dikahadir_selenium.testCases.calender.TC_E_009" name="addDateDetail" time="5.336"/>
  <testcase classname="com.dikahadir_selenium.testCases.calender.TC_E_010" name="addDateDetailEmptyDate" time="2.36"/>
  <testcase classname="com.dikahadir_selenium.testCases.calender.TC_E_011" name="addDateDetailEmptyType" time="2.337"/>
  <testcase classname="com.dikahadir_selenium.testCases.calender.TC_E_012" name="addDateDetailEmptyDesc" time="3.168"/>
  <testcase classname="com.dikahadir_selenium.testCases.calender.TC_E_013" name="addDateSendKeys" time="4.971"/>
  <testcase classname="com.dikahadir_selenium.testCases.calender.TC_E_014" name="cancelAddDate" time="4.415"/>
  <testcase classname="com.dikahadir_selenium.testCases.calender.TC_E_015" name="addDateDuplicate" time="8.078"/>
  <testcase classname="com.dikahadir_selenium.testCases.calender.TC_E_016" name="editDescription" time="7.806"/>
  <testcase classname="com.dikahadir_selenium.testCases.calender.TC_E_017" name="editDescriptionEmpty" time="5.515"/>
  <testcase classname="com.dikahadir_selenium.testCases.calender.TC_E_018" name="deleteDetailCalenderData" time="8.472"/>
  <testcase classname="com.dikahadir_selenium.testCases.calender.TC_E_019" name="deleteDetailCalenderData" time="6.362"/>
  <testcase classname="com.dikahadir_selenium.testBase.BaseClass" name="@BeforeTest setup" time="0.0">
    <ignored/>
  </testcase> <!-- @BeforeTest setup -->
  <testcase classname="com.dikahadir_selenium.testBase.BaseClass" name="@AfterTest tearDown" time="0.0">
    <ignored/>
  </testcase> <!-- @AfterTest tearDown -->
  <testcase classname="com.dikahadir_selenium.testBase.BaseClass" name="@AfterTest tearDown" time="0.0">
    <ignored/>
  </testcase> <!-- @AfterTest tearDown -->
  <testcase classname="com.dikahadir_selenium.testBase.BaseClass" name="@BeforeTest setup" time="0.0">
    <ignored/>
  </testcase> <!-- @BeforeTest setup -->
  <testcase classname="com.dikahadir_selenium.testBase.BaseClass" name="@AfterTest tearDown" time="0.0">
    <ignored/>
  </testcase> <!-- @AfterTest tearDown -->
  <testcase classname="com.dikahadir_selenium.testBase.BaseClass" name="@BeforeTest setup" time="0.0">
    <ignored/>
  </testcase> <!-- @BeforeTest setup -->
  <testcase classname="com.dikahadir_selenium.testBase.BaseClass" name="@BeforeTest setup" time="0.0">
    <ignored/>
  </testcase> <!-- @BeforeTest setup -->
  <testcase classname="com.dikahadir_selenium.testBase.BaseClass" name="@BeforeTest setup" time="0.0">
    <ignored/>
  </testcase> <!-- @BeforeTest setup -->
  <testcase classname="com.dikahadir_selenium.testBase.BaseClass" name="@BeforeTest setup" time="0.0">
    <ignored/>
  </testcase> <!-- @BeforeTest setup -->
  <testcase classname="com.dikahadir_selenium.testBase.BaseClass" name="@AfterTest tearDown" time="0.0">
    <ignored/>
  </testcase> <!-- @AfterTest tearDown -->
  <testcase classname="com.dikahadir_selenium.testBase.BaseClass" name="@AfterTest tearDown" time="0.0">
    <ignored/>
  </testcase> <!-- @AfterTest tearDown -->
  <testcase classname="com.dikahadir_selenium.testBase.BaseClass" name="@AfterTest tearDown" time="0.0">
    <ignored/>
  </testcase> <!-- @AfterTest tearDown -->
  <testcase classname="com.dikahadir_selenium.testBase.BaseClass" name="@AfterTest tearDown" time="0.0">
    <ignored/>
  </testcase> <!-- @AfterTest tearDown -->
  <testcase classname="com.dikahadir_selenium.testBase.BaseClass" name="@BeforeTest setup" time="0.0">
    <ignored/>
  </testcase> <!-- @BeforeTest setup -->
  <testcase classname="com.dikahadir_selenium.testBase.BaseClass" name="@BeforeTest setup" time="0.0">
    <ignored/>
  </testcase> <!-- @BeforeTest setup -->
  <testcase classname="com.dikahadir_selenium.testBase.BaseClass" name="@BeforeTest setup" time="0.0">
    <ignored/>
  </testcase> <!-- @BeforeTest setup -->
  <testcase classname="com.dikahadir_selenium.testBase.BaseClass" name="@AfterTest tearDown" time="0.0">
    <ignored/>
  </testcase> <!-- @AfterTest tearDown -->
  <testcase classname="com.dikahadir_selenium.testBase.BaseClass" name="@AfterTest tearDown" time="0.0">
    <ignored/>
  </testcase> <!-- @AfterTest tearDown -->
  <testcase classname="com.dikahadir_selenium.testBase.BaseClass" name="@AfterTest tearDown" time="0.0">
    <ignored/>
  </testcase> <!-- @AfterTest tearDown -->
  <testcase classname="com.dikahadir_selenium.testBase.BaseClass" name="@AfterTest tearDown" time="0.0">
    <ignored/>
  </testcase> <!-- @AfterTest tearDown -->
  <testcase classname="com.dikahadir_selenium.testBase.BaseClass" name="@BeforeTest setup" time="0.0">
    <ignored/>
  </testcase> <!-- @BeforeTest setup -->
  <testcase classname="com.dikahadir_selenium.testBase.BaseClass" name="@BeforeTest setup" time="0.0">
    <ignored/>
  </testcase> <!-- @BeforeTest setup -->
  <testcase classname="com.dikahadir_selenium.testBase.BaseClass" name="@BeforeTest setup" time="0.0">
    <ignored/>
  </testcase> <!-- @BeforeTest setup -->
  <testcase classname="com.dikahadir_selenium.testBase.BaseClass" name="@BeforeTest setup" time="0.0">
    <ignored/>
  </testcase> <!-- @BeforeTest setup -->
  <testcase classname="com.dikahadir_selenium.testBase.BaseClass" name="@AfterTest tearDown" time="0.0">
    <ignored/>
  </testcase> <!-- @AfterTest tearDown -->
  <testcase classname="com.dikahadir_selenium.testBase.BaseClass" name="@AfterTest tearDown" time="0.0">
    <ignored/>
  </testcase> <!-- @AfterTest tearDown -->
  <testcase classname="com.dikahadir_selenium.testBase.BaseClass" name="@BeforeTest setup" time="0.0">
    <ignored/>
  </testcase> <!-- @BeforeTest setup -->
  <testcase classname="com.dikahadir_selenium.testBase.BaseClass" name="@AfterTest tearDown" time="0.0">
    <ignored/>
  </testcase> <!-- @AfterTest tearDown -->
  <testcase classname="com.dikahadir_selenium.testBase.BaseClass" name="@BeforeTest setup" time="0.0">
    <ignored/>
  </testcase> <!-- @BeforeTest setup -->
  <testcase classname="com.dikahadir_selenium.testBase.BaseClass" name="@AfterTest tearDown" time="0.0">
    <ignored/>
  </testcase> <!-- @AfterTest tearDown -->
  <testcase classname="com.dikahadir_selenium.testBase.BaseClass" name="@AfterTest tearDown" time="0.0">
    <ignored/>
  </testcase> <!-- @AfterTest tearDown -->
  <testcase classname="com.dikahadir_selenium.testBase.BaseClass" name="@AfterTest tearDown" time="0.0">
    <ignored/>
  </testcase> <!-- @AfterTest tearDown -->
  <testcase classname="com.dikahadir_selenium.testBase.BaseClass" name="@AfterTest tearDown" time="0.0">
    <ignored/>
  </testcase> <!-- @AfterTest tearDown -->
  <testcase classname="com.dikahadir_selenium.testBase.BaseClass" name="@BeforeTest setup" time="0.0">
    <ignored/>
  </testcase> <!-- @BeforeTest setup -->
  <testcase classname="com.dikahadir_selenium.testBase.BaseClass" name="@BeforeTest setup" time="0.0">
    <ignored/>
  </testcase> <!-- @BeforeTest setup -->
  <testcase classname="com.dikahadir_selenium.testBase.BaseClass" name="@BeforeTest setup" time="0.0">
    <ignored/>
  </testcase> <!-- @BeforeTest setup -->
</testsuite> <!-- CalenderTest -->
