<?xml version="1.0" encoding="UTF-8"?>
<!-- Generated by org.testng.reporters.JUnitXMLReporter -->
<testsuite ignored="4" hostname="STA-112934-1" failures="0" tests="3" name="CalenderTest" time="29.687" errors="0" timestamp="2025-06-29T01:46:44 WIB">
  <testcase classname="com.dikahadir_selenium.testCases.calender.TC_E_001" name="addCalenderSuccess" time="3.795"/>
  <testcase classname="com.dikahadir_selenium.testCases.calender.TC_E_015" name="addDateDuplicate" time="10.055"/>
  <testcase classname="com.dikahadir_selenium.testCases.calender.TC_E_016" name="editDescription" time="10.083"/>
  <testcase classname="com.dikahadir_selenium.testBase.BaseClass" name="@AfterTest tearDown" time="0.0">
    <ignored/>
  </testcase> <!-- @AfterTest tearDown -->
  <testcase classname="com.dikahadir_selenium.testBase.BaseClass" name="@BeforeTest setup" time="0.0">
    <ignored/>
  </testcase> <!-- @BeforeTest setup -->
  <testcase classname="com.dikahadir_selenium.testBase.BaseClass" name="@BeforeTest setup" time="0.0">
    <ignored/>
  </testcase> <!-- @BeforeTest setup -->
  <testcase classname="com.dikahadir_selenium.testBase.BaseClass" name="@AfterTest tearDown" time="0.0">
    <ignored/>
  </testcase> <!-- @AfterTest tearDown -->
</testsuite> <!-- CalenderTest -->
