<?xml version="1.0" encoding="UTF-8"?>
<!-- Generated by org.testng.reporters.JUnitXMLReporter -->
<testsuite ignored="34" hostname="STA-112934-1" failures="0" tests="18" name="Test" time="69.044" errors="0" timestamp="2025-06-28T17:53:00 WIB">
  <testcase classname="com.dikahadir_selenium.testCases.shifting.TC_C_001" name="searchShift" time="2.003"/>
  <testcase classname="com.dikahadir_selenium.testCases.shifting.TC_C_002" name="resetSearchShift" time="1.463"/>
  <testcase classname="com.dikahadir_selenium.testCases.shifting.TC_C_003" name="validateEmptyFieldConfirm" time="0.697"/>
  <testcase classname="com.dikahadir_selenium.testCases.shifting.TC_C_004" name="AddDataMinimumInput" time="4.766"/>
  <testcase classname="com.dikahadir_selenium.testCases.shifting.TC_C_005" name="AddDataFull" time="7.532"/>
  <testcase classname="com.dikahadir_selenium.testCases.shifting.TC_C_006" name="cancelAddData" time="7.419"/>
  <testcase classname="com.dikahadir_selenium.testCases.shifting.TC_C_007" name="addDuplicatShift" time="7.363"/>
  <testcase classname="com.dikahadir_selenium.testCases.shifting.TC_C_008" name="cancelDelete" time="4.122"/>
  <testcase classname="com.dikahadir_selenium.testCases.shifting.TC_C_009" name="confirmDelete" time="2.44"/>
  <testcase classname="com.dikahadir_selenium.testCases.shifting.TC_C_010" name="validateFormEdit" time="0.929"/>
  <testcase classname="com.dikahadir_selenium.testCases.shifting.TC_C_011" name="validateNameAndCodeEdit" time="2.791"/>
  <testcase classname="com.dikahadir_selenium.testCases.shifting.TC_C_012" name="successNameAndCodeEdit" time="4.554"/>
  <testcase classname="com.dikahadir_selenium.testCases.shifting.TC_C_013" name="validateDuplicatCode" time="4.098"/>
  <testcase classname="com.dikahadir_selenium.testCases.shifting.TC_C_014" name="cancelEdit" time="4.439"/>
  <testcase classname="com.dikahadir_selenium.testCases.shifting.TC_C_015" name="defaultPageDisplay" time="1.229"/>
  <testcase classname="com.dikahadir_selenium.testCases.shifting.TC_C_016" name="checkNextAndPreviousDisplay" time="2.956"/>
  <testcase classname="com.dikahadir_selenium.testCases.shifting.TC_C_017" name="checkLastAndFirstPageDisplay" time="2.574"/>
  <testcase classname="com.dikahadir_selenium.testCases.shifting.TC_C_018" name="defaultPageDisplay" time="1.989"/>
  <testcase classname="com.dikahadir_selenium.testBase.BaseClass" name="@BeforeTest setup" time="0.0">
    <ignored/>
  </testcase> <!-- @BeforeTest setup -->
  <testcase classname="com.dikahadir_selenium.testBase.BaseClass" name="@BeforeTest setup" time="0.0">
    <ignored/>
  </testcase> <!-- @BeforeTest setup -->
  <testcase classname="com.dikahadir_selenium.testBase.BaseClass" name="@AfterTest tearDown" time="0.0">
    <ignored/>
  </testcase> <!-- @AfterTest tearDown -->
  <testcase classname="com.dikahadir_selenium.testBase.BaseClass" name="@BeforeTest setup" time="0.0">
    <ignored/>
  </testcase> <!-- @BeforeTest setup -->
  <testcase classname="com.dikahadir_selenium.testBase.BaseClass" name="@AfterTest tearDown" time="0.0">
    <ignored/>
  </testcase> <!-- @AfterTest tearDown -->
  <testcase classname="com.dikahadir_selenium.testBase.BaseClass" name="@AfterTest tearDown" time="0.0">
    <ignored/>
  </testcase> <!-- @AfterTest tearDown -->
  <testcase classname="com.dikahadir_selenium.testBase.BaseClass" name="@AfterTest tearDown" time="0.0">
    <ignored/>
  </testcase> <!-- @AfterTest tearDown -->
  <testcase classname="com.dikahadir_selenium.testBase.BaseClass" name="@AfterTest tearDown" time="0.0">
    <ignored/>
  </testcase> <!-- @AfterTest tearDown -->
  <testcase classname="com.dikahadir_selenium.testBase.BaseClass" name="@BeforeTest setup" time="0.0">
    <ignored/>
  </testcase> <!-- @BeforeTest setup -->
  <testcase classname="com.dikahadir_selenium.testBase.BaseClass" name="@AfterTest tearDown" time="0.0">
    <ignored/>
  </testcase> <!-- @AfterTest tearDown -->
  <testcase classname="com.dikahadir_selenium.testBase.BaseClass" name="@BeforeTest setup" time="0.0">
    <ignored/>
  </testcase> <!-- @BeforeTest setup -->
  <testcase classname="com.dikahadir_selenium.testBase.BaseClass" name="@BeforeTest setup" time="0.0">
    <ignored/>
  </testcase> <!-- @BeforeTest setup -->
  <testcase classname="com.dikahadir_selenium.testBase.BaseClass" name="@BeforeTest setup" time="0.0">
    <ignored/>
  </testcase> <!-- @BeforeTest setup -->
  <testcase classname="com.dikahadir_selenium.testBase.BaseClass" name="@BeforeTest setup" time="0.0">
    <ignored/>
  </testcase> <!-- @BeforeTest setup -->
  <testcase classname="com.dikahadir_selenium.testBase.BaseClass" name="@BeforeTest setup" time="0.0">
    <ignored/>
  </testcase> <!-- @BeforeTest setup -->
  <testcase classname="com.dikahadir_selenium.testBase.BaseClass" name="@AfterTest tearDown" time="0.0">
    <ignored/>
  </testcase> <!-- @AfterTest tearDown -->
  <testcase classname="com.dikahadir_selenium.testBase.BaseClass" name="@AfterTest tearDown" time="0.0">
    <ignored/>
  </testcase> <!-- @AfterTest tearDown -->
  <testcase classname="com.dikahadir_selenium.testBase.BaseClass" name="@BeforeTest setup" time="0.0">
    <ignored/>
  </testcase> <!-- @BeforeTest setup -->
  <testcase classname="com.dikahadir_selenium.testBase.BaseClass" name="@AfterTest tearDown" time="0.0">
    <ignored/>
  </testcase> <!-- @AfterTest tearDown -->
  <testcase classname="com.dikahadir_selenium.testBase.BaseClass" name="@AfterTest tearDown" time="0.0">
    <ignored/>
  </testcase> <!-- @AfterTest tearDown -->
  <testcase classname="com.dikahadir_selenium.testBase.BaseClass" name="@AfterTest tearDown" time="0.0">
    <ignored/>
  </testcase> <!-- @AfterTest tearDown -->
  <testcase classname="com.dikahadir_selenium.testBase.BaseClass" name="@AfterTest tearDown" time="0.0">
    <ignored/>
  </testcase> <!-- @AfterTest tearDown -->
  <testcase classname="com.dikahadir_selenium.testBase.BaseClass" name="@AfterTest tearDown" time="0.0">
    <ignored/>
  </testcase> <!-- @AfterTest tearDown -->
  <testcase classname="com.dikahadir_selenium.testBase.BaseClass" name="@BeforeTest setup" time="0.0">
    <ignored/>
  </testcase> <!-- @BeforeTest setup -->
  <testcase classname="com.dikahadir_selenium.testBase.BaseClass" name="@BeforeTest setup" time="0.0">
    <ignored/>
  </testcase> <!-- @BeforeTest setup -->
  <testcase classname="com.dikahadir_selenium.testBase.BaseClass" name="@BeforeTest setup" time="0.0">
    <ignored/>
  </testcase> <!-- @BeforeTest setup -->
  <testcase classname="com.dikahadir_selenium.testBase.BaseClass" name="@BeforeTest setup" time="0.0">
    <ignored/>
  </testcase> <!-- @BeforeTest setup -->
  <testcase classname="com.dikahadir_selenium.testBase.BaseClass" name="@BeforeTest setup" time="0.0">
    <ignored/>
  </testcase> <!-- @BeforeTest setup -->
  <testcase classname="com.dikahadir_selenium.testBase.BaseClass" name="@AfterTest tearDown" time="0.0">
    <ignored/>
  </testcase> <!-- @AfterTest tearDown -->
  <testcase classname="com.dikahadir_selenium.testBase.BaseClass" name="@AfterTest tearDown" time="0.0">
    <ignored/>
  </testcase> <!-- @AfterTest tearDown -->
  <testcase classname="com.dikahadir_selenium.testBase.BaseClass" name="@BeforeTest setup" time="0.0">
    <ignored/>
  </testcase> <!-- @BeforeTest setup -->
  <testcase classname="com.dikahadir_selenium.testBase.BaseClass" name="@AfterTest tearDown" time="0.0">
    <ignored/>
  </testcase> <!-- @AfterTest tearDown -->
  <testcase classname="com.dikahadir_selenium.testBase.BaseClass" name="@AfterTest tearDown" time="0.0">
    <ignored/>
  </testcase> <!-- @AfterTest tearDown -->
  <testcase classname="com.dikahadir_selenium.testBase.BaseClass" name="@BeforeTest setup" time="0.0">
    <ignored/>
  </testcase> <!-- @BeforeTest setup -->
</testsuite> <!-- Test -->
