<?xml version="1.0" encoding="UTF-8"?>
<!-- Generated by org.testng.reporters.JUnitXMLReporter -->
<testsuite ignored="2" hostname="STA-112934-1" failures="0" tests="2" name="Test1" time="7.569" errors="0" timestamp="2025-06-27T20:33:58 WIB">
  <testcase classname="com.dikahadir_selenium.testCases.TC_C_001" name="searchShift" time="2.129"/>
  <testcase classname="com.dikahadir_selenium.testCases.TC_C_002" name="resetSearchShift" time="2.229"/>
  <testcase classname="com.dikahadir_selenium.testBase.BaseClass" name="@AfterTest tearDown" time="0.0">
    <ignored/>
  </testcase> <!-- @AfterTest tearDown -->
  <testcase classname="com.dikahadir_selenium.testBase.BaseClass" name="@BeforeTest setup" time="0.0">
    <ignored/>
  </testcase> <!-- @BeforeTest setup -->
</testsuite> <!-- Test1 -->
