<?xml version="1.0" encoding="UTF-8"?>
<testng-results ignored="0" total="3" passed="3" failed="0" skipped="0">
  <reporter-output>
  </reporter-output>
  <suite started-at="2025-06-29T01:46:14 WIB" name="Suite" finished-at="2025-06-29T01:46:43 WIB" duration-ms="29687">
    <groups>
    </groups>
    <test started-at="2025-06-29T01:46:14 WIB" name="CalenderTest" finished-at="2025-06-29T01:46:43 WIB" duration-ms="29687">
      <class name="com.dikahadir_selenium.testCases.calender.TC_E_001">
        <test-method is-config="true" signature="setup(java.lang.String,java.lang.String,org.testng.ITestContext)[pri:0, instance:com.dikahadir_selenium.testCases.calender.TC_E_001@7dcf94f8]" started-at="2025-06-29T01:46:14 WIB" name="setup" finished-at="2025-06-29T01:46:18 WIB" duration-ms="4231" status="PASS">
          <params>
            <param index="0">
              <value>
                <![CDATA[Windows]]>
              </value>
            </param>
            <param index="1">
              <value>
                <![CDATA[chrome]]>
              </value>
            </param>
            <param index="2">
              <value>
                <![CDATA[org.testng.TestRunner@455c1d8c]]>
              </value>
            </param>
          </params>
          <reporter-output>
          </reporter-output>
        </test-method> <!-- setup -->
        <test-method signature="addCalenderSuccess()[pri:0, instance:com.dikahadir_selenium.testCases.calender.TC_E_001@7dcf94f8]" started-at="2025-06-29T01:46:18 WIB" name="addCalenderSuccess" description="TC_E_001" finished-at="2025-06-29T01:46:22 WIB" duration-ms="3795" status="PASS">
          <reporter-output>
          </reporter-output>
        </test-method> <!-- addCalenderSuccess -->
        <test-method is-config="true" signature="tearDown()[pri:0, instance:com.dikahadir_selenium.testCases.calender.TC_E_001@7dcf94f8]" started-at="2025-06-29T01:46:42 WIB" name="tearDown" finished-at="2025-06-29T01:46:43 WIB" duration-ms="1217" status="PASS">
          <reporter-output>
          </reporter-output>
        </test-method> <!-- tearDown -->
      </class> <!-- com.dikahadir_selenium.testCases.calender.TC_E_001 -->
      <class name="com.dikahadir_selenium.testCases.calender.TC_E_016">
        <test-method signature="editDescription()[pri:0, instance:com.dikahadir_selenium.testCases.calender.TC_E_016@77c2494c]" started-at="2025-06-29T01:46:32 WIB" name="editDescription" description="TC_E_016" finished-at="2025-06-29T01:46:42 WIB" duration-ms="10083" status="PASS">
          <reporter-output>
          </reporter-output>
        </test-method> <!-- editDescription -->
      </class> <!-- com.dikahadir_selenium.testCases.calender.TC_E_016 -->
      <class name="com.dikahadir_selenium.testCases.calender.TC_E_015">
        <test-method signature="addDateDuplicate()[pri:0, instance:com.dikahadir_selenium.testCases.calender.TC_E_015@477b4cdf]" started-at="2025-06-29T01:46:22 WIB" name="addDateDuplicate" description="TC_E_015" finished-at="2025-06-29T01:46:32 WIB" duration-ms="10055" status="PASS">
          <reporter-output>
          </reporter-output>
        </test-method> <!-- addDateDuplicate -->
      </class> <!-- com.dikahadir_selenium.testCases.calender.TC_E_015 -->
    </test> <!-- CalenderTest -->
  </suite> <!-- Suite -->
</testng-results>
