<?xml version="1.0" encoding="UTF-8"?>
<testng-results ignored="0" total="38" passed="36" failed="2" skipped="0">
  <reporter-output>
  </reporter-output>
  <suite started-at="2025-06-29T12:28:23 WIB" name="Suite" finished-at="2025-06-29T12:30:42 WIB" duration-ms="139468">
    <groups>
    </groups>
    <test started-at="2025-06-29T12:28:23 WIB" name="ShiftingTest" finished-at="2025-06-29T12:29:24 WIB" duration-ms="61179">
      <class name="com.dikahadir_selenium.testCases.shifting.TC_C_010">
        <test-method signature="validateFormEdit()[pri:0, instance:com.dikahadir_selenium.testCases.shifting.TC_C_010@7c6908d7]" started-at="2025-06-29T12:28:57 WIB" name="validateFormEdit" description="TC_C_010" finished-at="2025-06-29T12:28:58 WIB" duration-ms="500" status="PASS">
          <reporter-output>
          </reporter-output>
        </test-method> <!-- validateFormEdit -->
      </class> <!-- com.dikahadir_selenium.testCases.shifting.TC_C_010 -->
      <class name="com.dikahadir_selenium.testCases.shifting.TC_C_011">
        <test-method signature="validateNameAndCodeEdit()[pri:0, instance:com.dikahadir_selenium.testCases.shifting.TC_C_011@3c9754d8]" started-at="2025-06-29T12:28:58 WIB" name="validateNameAndCodeEdit" description="TC_C_011" finished-at="2025-06-29T12:29:00 WIB" duration-ms="1933" status="PASS">
          <reporter-output>
          </reporter-output>
        </test-method> <!-- validateNameAndCodeEdit -->
      </class> <!-- com.dikahadir_selenium.testCases.shifting.TC_C_011 -->
      <class name="com.dikahadir_selenium.testCases.shifting.TC_C_012">
        <test-method signature="successNameAndCodeEdit()[pri:0, instance:com.dikahadir_selenium.testCases.shifting.TC_C_012@3bf7ca37]" started-at="2025-06-29T12:29:00 WIB" name="successNameAndCodeEdit" description="TC_C_012" finished-at="2025-06-29T12:29:03 WIB" duration-ms="3102" status="PASS">
          <reporter-output>
          </reporter-output>
        </test-method> <!-- successNameAndCodeEdit -->
      </class> <!-- com.dikahadir_selenium.testCases.shifting.TC_C_012 -->
      <class name="com.dikahadir_selenium.testCases.shifting.TC_C_001">
        <test-method is-config="true" signature="setup(java.lang.String,java.lang.String,org.testng.ITestContext)[pri:0, instance:com.dikahadir_selenium.testCases.shifting.TC_C_001@179ece50]" started-at="2025-06-29T12:28:23 WIB" name="setup" finished-at="2025-06-29T12:28:26 WIB" duration-ms="2953" status="PASS">
          <params>
            <param index="0">
              <value>
                <![CDATA[Windows]]>
              </value>
            </param>
            <param index="1">
              <value>
                <![CDATA[chrome]]>
              </value>
            </param>
            <param index="2">
              <value>
                <![CDATA[org.testng.TestRunner@4ef28dc4]]>
              </value>
            </param>
          </params>
          <reporter-output>
          </reporter-output>
        </test-method> <!-- setup -->
        <test-method signature="searchShift()[pri:0, instance:com.dikahadir_selenium.testCases.shifting.TC_C_001@179ece50]" started-at="2025-06-29T12:28:26 WIB" name="searchShift" description="TC_C_001" finished-at="2025-06-29T12:28:27 WIB" duration-ms="1585" status="PASS">
          <reporter-output>
          </reporter-output>
        </test-method> <!-- searchShift -->
        <test-method is-config="true" signature="tearDown()[pri:0, instance:com.dikahadir_selenium.testCases.shifting.TC_C_001@179ece50]" started-at="2025-06-29T12:29:23 WIB" name="tearDown" finished-at="2025-06-29T12:29:24 WIB" duration-ms="594" status="PASS">
          <reporter-output>
          </reporter-output>
        </test-method> <!-- tearDown -->
      </class> <!-- com.dikahadir_selenium.testCases.shifting.TC_C_001 -->
      <class name="com.dikahadir_selenium.testCases.shifting.TC_C_013">
        <test-method signature="validateDuplicatCode()[pri:0, instance:com.dikahadir_selenium.testCases.shifting.TC_C_013@79079097]" started-at="2025-06-29T12:29:03 WIB" name="validateDuplicatCode" description="TC_C_013" finished-at="2025-06-29T12:29:06 WIB" duration-ms="2990" status="PASS">
          <reporter-output>
          </reporter-output>
        </test-method> <!-- validateDuplicatCode -->
      </class> <!-- com.dikahadir_selenium.testCases.shifting.TC_C_013 -->
      <class name="com.dikahadir_selenium.testCases.shifting.TC_C_002">
        <test-method signature="resetSearchShift()[pri:0, instance:com.dikahadir_selenium.testCases.shifting.TC_C_002@62ddbd7e]" started-at="2025-06-29T12:28:27 WIB" name="resetSearchShift" description="TC_C_002" finished-at="2025-06-29T12:28:29 WIB" duration-ms="1197" status="PASS">
          <reporter-output>
          </reporter-output>
        </test-method> <!-- resetSearchShift -->
      </class> <!-- com.dikahadir_selenium.testCases.shifting.TC_C_002 -->
      <class name="com.dikahadir_selenium.testCases.shifting.TC_C_014">
        <test-method signature="cancelEdit()[pri:0, instance:com.dikahadir_selenium.testCases.shifting.TC_C_014@4d1c00d0]" started-at="2025-06-29T12:29:06 WIB" name="cancelEdit" description="TC_C_014" finished-at="2025-06-29T12:29:09 WIB" duration-ms="3185" status="PASS">
          <reporter-output>
          </reporter-output>
        </test-method> <!-- cancelEdit -->
      </class> <!-- com.dikahadir_selenium.testCases.shifting.TC_C_014 -->
      <class name="com.dikahadir_selenium.testCases.shifting.TC_C_003">
        <test-method signature="validateEmptyFieldConfirm()[pri:0, instance:com.dikahadir_selenium.testCases.shifting.TC_C_003@74e52ef6]" started-at="2025-06-29T12:28:29 WIB" name="validateEmptyFieldConfirm" description="TC_C_003" finished-at="2025-06-29T12:28:29 WIB" duration-ms="422" status="PASS">
          <reporter-output>
          </reporter-output>
        </test-method> <!-- validateEmptyFieldConfirm -->
      </class> <!-- com.dikahadir_selenium.testCases.shifting.TC_C_003 -->
      <class name="com.dikahadir_selenium.testCases.shifting.TC_C_015">
        <test-method signature="defaultPageDisplay()[pri:0, instance:com.dikahadir_selenium.testCases.shifting.TC_C_015@4b2bac3f]" started-at="2025-06-29T12:29:09 WIB" name="defaultPageDisplay" description="TC_C_015" finished-at="2025-06-29T12:29:10 WIB" duration-ms="1189" status="PASS">
          <reporter-output>
          </reporter-output>
        </test-method> <!-- defaultPageDisplay -->
      </class> <!-- com.dikahadir_selenium.testCases.shifting.TC_C_015 -->
      <class name="com.dikahadir_selenium.testCases.shifting.TC_C_004">
        <test-method signature="AddDataMinimumInput()[pri:0, instance:com.dikahadir_selenium.testCases.shifting.TC_C_004@6ed3ccb2]" started-at="2025-06-29T12:28:29 WIB" name="AddDataMinimumInput" description="TC_C_004" finished-at="2025-06-29T12:28:32 WIB" duration-ms="3534" status="PASS">
          <reporter-output>
          </reporter-output>
        </test-method> <!-- AddDataMinimumInput -->
      </class> <!-- com.dikahadir_selenium.testCases.shifting.TC_C_004 -->
      <class name="com.dikahadir_selenium.testCases.shifting.TC_C_016">
        <test-method signature="checkNextAndPreviousDisplay()[pri:0, instance:com.dikahadir_selenium.testCases.shifting.TC_C_016@4e08711f]" started-at="2025-06-29T12:29:10 WIB" name="checkNextAndPreviousDisplay" description="TC_C_016" finished-at="2025-06-29T12:29:13 WIB" duration-ms="2895" status="PASS">
          <reporter-output>
          </reporter-output>
        </test-method> <!-- checkNextAndPreviousDisplay -->
      </class> <!-- com.dikahadir_selenium.testCases.shifting.TC_C_016 -->
      <class name="com.dikahadir_selenium.testCases.shifting.TC_C_005">
        <test-method signature="AddDataFull()[pri:0, instance:com.dikahadir_selenium.testCases.shifting.TC_C_005@1a677343]" started-at="2025-06-29T12:28:32 WIB" name="AddDataFull" description="TC_C_005" finished-at="2025-06-29T12:28:38 WIB" duration-ms="5795" status="PASS">
          <reporter-output>
          </reporter-output>
        </test-method> <!-- AddDataFull -->
      </class> <!-- com.dikahadir_selenium.testCases.shifting.TC_C_005 -->
      <class name="com.dikahadir_selenium.testCases.shifting.TC_C_017">
        <test-method signature="checkLastAndFirstPageDisplay()[pri:0, instance:com.dikahadir_selenium.testCases.shifting.TC_C_017@bcec361]" started-at="2025-06-29T12:29:13 WIB" name="checkLastAndFirstPageDisplay" description="TC_C_017" finished-at="2025-06-29T12:29:15 WIB" duration-ms="2328" status="PASS">
          <reporter-output>
          </reporter-output>
        </test-method> <!-- checkLastAndFirstPageDisplay -->
      </class> <!-- com.dikahadir_selenium.testCases.shifting.TC_C_017 -->
      <class name="com.dikahadir_selenium.testCases.shifting.TC_C_006">
        <test-method signature="cancelAddData()[pri:0, instance:com.dikahadir_selenium.testCases.shifting.TC_C_006@15de0b3c]" started-at="2025-06-29T12:28:38 WIB" name="cancelAddData" description="TC_C_006" finished-at="2025-06-29T12:28:45 WIB" duration-ms="6711" status="PASS">
          <reporter-output>
          </reporter-output>
        </test-method> <!-- cancelAddData -->
      </class> <!-- com.dikahadir_selenium.testCases.shifting.TC_C_006 -->
      <class name="com.dikahadir_selenium.testCases.shifting.TC_C_007">
        <test-method signature="addDuplicatShift()[pri:0, instance:com.dikahadir_selenium.testCases.shifting.TC_C_007@489115ef]" started-at="2025-06-29T12:28:45 WIB" name="addDuplicatShift" description="TC_C_007" finished-at="2025-06-29T12:28:51 WIB" duration-ms="5663" status="FAIL">
          <exception class="java.lang.AssertionError">
            <message>
              <![CDATA[expected [true] but found [false]]]>
            </message>
            <full-stacktrace>
              <![CDATA[java.lang.AssertionError: expected [true] but found [false]
at org.testng.Assert.fail(Assert.java:111)
at org.testng.Assert.failNotEquals(Assert.java:1590)
at org.testng.Assert.assertTrue(Assert.java:57)
at org.testng.Assert.assertTrue(Assert.java:67)
at com.dikahadir_selenium.testCases.shifting.TC_C_007.addDuplicatShift(TC_C_007.java:57)
at java.base/jdk.internal.reflect.DirectMethodHandleAccessor.invoke(DirectMethodHandleAccessor.java:103)
at java.base/java.lang.reflect.Method.invoke(Method.java:580)
at org.testng.internal.invokers.MethodInvocationHelper.invokeMethod(MethodInvocationHelper.java:141)
at org.testng.internal.invokers.TestInvoker.invokeMethod(TestInvoker.java:687)
at org.testng.internal.invokers.TestInvoker.invokeTestMethod(TestInvoker.java:230)
at org.testng.internal.invokers.MethodRunner.runInSequence(MethodRunner.java:63)
at org.testng.internal.invokers.TestInvoker$MethodInvocationAgent.invoke(TestInvoker.java:995)
at org.testng.internal.invokers.TestInvoker.invokeTestMethods(TestInvoker.java:203)
at org.testng.internal.invokers.TestMethodWorker.invokeTestMethods(TestMethodWorker.java:154)
at org.testng.internal.invokers.TestMethodWorker.run(TestMethodWorker.java:134)
at java.base/java.util.ArrayList.forEach(ArrayList.java:1596)
at org.testng.TestRunner.privateRun(TestRunner.java:741)
at org.testng.TestRunner.run(TestRunner.java:616)
at org.testng.SuiteRunner.runTest(SuiteRunner.java:421)
at org.testng.SuiteRunner.runSequentially(SuiteRunner.java:413)
at org.testng.SuiteRunner.privateRun(SuiteRunner.java:373)
at org.testng.SuiteRunner.run(SuiteRunner.java:312)
at org.testng.SuiteRunnerWorker.runSuite(SuiteRunnerWorker.java:52)
at org.testng.SuiteRunnerWorker.run(SuiteRunnerWorker.java:95)
at org.testng.TestNG.runSuitesSequentially(TestNG.java:1274)
at org.testng.TestNG.runSuitesLocally(TestNG.java:1208)
at org.testng.TestNG.runSuites(TestNG.java:1112)
at org.testng.TestNG.run(TestNG.java:1079)
at org.testng.remote.AbstractRemoteTestNG.run(AbstractRemoteTestNG.java:115)
at org.testng.remote.RemoteTestNG.initAndRun(RemoteTestNG.java:293)
at org.testng.remote.RemoteTestNG.main(RemoteTestNG.java:91)
]]>
            </full-stacktrace>
          </exception> <!-- java.lang.AssertionError -->
          <reporter-output>
          </reporter-output>
        </test-method> <!-- addDuplicatShift -->
      </class> <!-- com.dikahadir_selenium.testCases.shifting.TC_C_007 -->
      <class name="com.dikahadir_selenium.testCases.shifting.TC_C_018">
        <test-method signature="defaultPageDisplay()[pri:0, instance:com.dikahadir_selenium.testCases.shifting.TC_C_018@26794848]" started-at="2025-06-29T12:29:15 WIB" name="defaultPageDisplay" description="TC_C_015" finished-at="2025-06-29T12:29:17 WIB" duration-ms="1781" status="PASS">
          <reporter-output>
          </reporter-output>
        </test-method> <!-- defaultPageDisplay -->
      </class> <!-- com.dikahadir_selenium.testCases.shifting.TC_C_018 -->
      <class name="com.dikahadir_selenium.testCases.shifting.TC_C_019">
        <test-method signature="AddTimeInAfterTimeOut()[pri:0, instance:com.dikahadir_selenium.testCases.shifting.TC_C_019@302552ec]" started-at="2025-06-29T12:29:17 WIB" name="AddTimeInAfterTimeOut" description="TC_C_019" finished-at="2025-06-29T12:29:23 WIB" duration-ms="5938" status="FAIL">
          <exception class="java.lang.AssertionError">
            <message>
              <![CDATA[did not expect [1iiEoPs] but found [1iiEoPs]]]>
            </message>
            <full-stacktrace>
              <![CDATA[java.lang.AssertionError: did not expect [1iiEoPs] but found [1iiEoPs]
at org.testng.Assert.fail(Assert.java:111)
at org.testng.Assert.failEquals(Assert.java:1594)
at org.testng.Assert.assertNotEqualsImpl(Assert.java:157)
at org.testng.Assert.assertNotEquals(Assert.java:2217)
at org.testng.Assert.assertNotEquals(Assert.java:2239)
at com.dikahadir_selenium.testCases.shifting.TC_C_019.AddTimeInAfterTimeOut(TC_C_019.java:61)
at java.base/jdk.internal.reflect.DirectMethodHandleAccessor.invoke(DirectMethodHandleAccessor.java:103)
at java.base/java.lang.reflect.Method.invoke(Method.java:580)
at org.testng.internal.invokers.MethodInvocationHelper.invokeMethod(MethodInvocationHelper.java:141)
at org.testng.internal.invokers.TestInvoker.invokeMethod(TestInvoker.java:687)
at org.testng.internal.invokers.TestInvoker.invokeTestMethod(TestInvoker.java:230)
at org.testng.internal.invokers.MethodRunner.runInSequence(MethodRunner.java:63)
at org.testng.internal.invokers.TestInvoker$MethodInvocationAgent.invoke(TestInvoker.java:995)
at org.testng.internal.invokers.TestInvoker.invokeTestMethods(TestInvoker.java:203)
at org.testng.internal.invokers.TestMethodWorker.invokeTestMethods(TestMethodWorker.java:154)
at org.testng.internal.invokers.TestMethodWorker.run(TestMethodWorker.java:134)
at java.base/java.util.ArrayList.forEach(ArrayList.java:1596)
at org.testng.TestRunner.privateRun(TestRunner.java:741)
at org.testng.TestRunner.run(TestRunner.java:616)
at org.testng.SuiteRunner.runTest(SuiteRunner.java:421)
at org.testng.SuiteRunner.runSequentially(SuiteRunner.java:413)
at org.testng.SuiteRunner.privateRun(SuiteRunner.java:373)
at org.testng.SuiteRunner.run(SuiteRunner.java:312)
at org.testng.SuiteRunnerWorker.runSuite(SuiteRunnerWorker.java:52)
at org.testng.SuiteRunnerWorker.run(SuiteRunnerWorker.java:95)
at org.testng.TestNG.runSuitesSequentially(TestNG.java:1274)
at org.testng.TestNG.runSuitesLocally(TestNG.java:1208)
at org.testng.TestNG.runSuites(TestNG.java:1112)
at org.testng.TestNG.run(TestNG.java:1079)
at org.testng.remote.AbstractRemoteTestNG.run(AbstractRemoteTestNG.java:115)
at org.testng.remote.RemoteTestNG.initAndRun(RemoteTestNG.java:293)
at org.testng.remote.RemoteTestNG.main(RemoteTestNG.java:91)
]]>
            </full-stacktrace>
          </exception> <!-- java.lang.AssertionError -->
          <reporter-output>
          </reporter-output>
        </test-method> <!-- AddTimeInAfterTimeOut -->
      </class> <!-- com.dikahadir_selenium.testCases.shifting.TC_C_019 -->
      <class name="com.dikahadir_selenium.testCases.shifting.TC_C_008">
        <test-method signature="cancelDelete()[pri:0, instance:com.dikahadir_selenium.testCases.shifting.TC_C_008@3857f613]" started-at="2025-06-29T12:28:51 WIB" name="cancelDelete" description="TC_C_008" finished-at="2025-06-29T12:28:55 WIB" duration-ms="3931" status="PASS">
          <reporter-output>
          </reporter-output>
        </test-method> <!-- cancelDelete -->
      </class> <!-- com.dikahadir_selenium.testCases.shifting.TC_C_008 -->
      <class name="com.dikahadir_selenium.testCases.shifting.TC_C_009">
        <test-method signature="confirmDelete()[pri:0, instance:com.dikahadir_selenium.testCases.shifting.TC_C_009@198b6731]" started-at="2025-06-29T12:28:55 WIB" name="confirmDelete" description="TC_C_009" finished-at="2025-06-29T12:28:57 WIB" duration-ms="2353" status="PASS">
          <reporter-output>
          </reporter-output>
        </test-method> <!-- confirmDelete -->
      </class> <!-- com.dikahadir_selenium.testCases.shifting.TC_C_009 -->
    </test> <!-- ShiftingTest -->
    <test started-at="2025-06-29T12:29:24 WIB" name="CalenderTest" finished-at="2025-06-29T12:30:42 WIB" duration-ms="77954">
      <class name="com.dikahadir_selenium.testCases.calender.TC_E_010">
        <test-method signature="addDateDetailEmptyDate()[pri:0, instance:com.dikahadir_selenium.testCases.calender.TC_E_010@757277dc]" started-at="2025-06-29T12:29:48 WIB" name="addDateDetailEmptyDate" description="TC_E_010" finished-at="2025-06-29T12:29:50 WIB" duration-ms="2360" status="PASS">
          <reporter-output>
          </reporter-output>
        </test-method> <!-- addDateDetailEmptyDate -->
      </class> <!-- com.dikahadir_selenium.testCases.calender.TC_E_010 -->
      <class name="com.dikahadir_selenium.testCases.calender.TC_E_009">
        <test-method signature="addDateDetail()[pri:0, instance:com.dikahadir_selenium.testCases.calender.TC_E_009@5c671d7f]" started-at="2025-06-29T12:29:43 WIB" name="addDateDetail" description="TC_E_009" finished-at="2025-06-29T12:29:48 WIB" duration-ms="5336" status="PASS">
          <reporter-output>
          </reporter-output>
        </test-method> <!-- addDateDetail -->
      </class> <!-- com.dikahadir_selenium.testCases.calender.TC_E_009 -->
      <class name="com.dikahadir_selenium.testCases.calender.TC_E_019">
        <test-method signature="deleteDetailCalenderData()[pri:0, instance:com.dikahadir_selenium.testCases.calender.TC_E_019@4c309d4d]" started-at="2025-06-29T12:30:35 WIB" name="deleteDetailCalenderData" description="TC_E_018" finished-at="2025-06-29T12:30:41 WIB" duration-ms="6362" status="PASS">
          <reporter-output>
          </reporter-output>
        </test-method> <!-- deleteDetailCalenderData -->
      </class> <!-- com.dikahadir_selenium.testCases.calender.TC_E_019 -->
      <class name="com.dikahadir_selenium.testCases.calender.TC_E_008">
        <test-method signature="detailCalender()[pri:0, instance:com.dikahadir_selenium.testCases.calender.TC_E_008@49e5f737]" started-at="2025-06-29T12:29:41 WIB" name="detailCalender" description="TC_E_008" finished-at="2025-06-29T12:29:43 WIB" duration-ms="1210" status="PASS">
          <reporter-output>
          </reporter-output>
        </test-method> <!-- detailCalender -->
      </class> <!-- com.dikahadir_selenium.testCases.calender.TC_E_008 -->
      <class name="com.dikahadir_selenium.testCases.calender.TC_E_012">
        <test-method signature="addDateDetailEmptyDesc()[pri:0, instance:com.dikahadir_selenium.testCases.calender.TC_E_012@e4487af]" started-at="2025-06-29T12:29:53 WIB" name="addDateDetailEmptyDesc" description="TC_E_012" finished-at="2025-06-29T12:29:56 WIB" duration-ms="3168" status="PASS">
          <reporter-output>
          </reporter-output>
        </test-method> <!-- addDateDetailEmptyDesc -->
      </class> <!-- com.dikahadir_selenium.testCases.calender.TC_E_012 -->
      <class name="com.dikahadir_selenium.testCases.calender.TC_E_001">
        <test-method is-config="true" signature="setup(java.lang.String,java.lang.String,org.testng.ITestContext)[pri:0, instance:com.dikahadir_selenium.testCases.calender.TC_E_001@192c3f1e]" started-at="2025-06-29T12:29:24 WIB" name="setup" finished-at="2025-06-29T12:29:27 WIB" duration-ms="2690" status="PASS">
          <params>
            <param index="0">
              <value>
                <![CDATA[Windows]]>
              </value>
            </param>
            <param index="1">
              <value>
                <![CDATA[chrome]]>
              </value>
            </param>
            <param index="2">
              <value>
                <![CDATA[org.testng.TestRunner@59b3f162]]>
              </value>
            </param>
          </params>
          <reporter-output>
          </reporter-output>
        </test-method> <!-- setup -->
        <test-method signature="addCalenderSuccess()[pri:0, instance:com.dikahadir_selenium.testCases.calender.TC_E_001@192c3f1e]" started-at="2025-06-29T12:29:27 WIB" name="addCalenderSuccess" description="TC_E_001" finished-at="2025-06-29T12:29:31 WIB" duration-ms="3960" status="PASS">
          <reporter-output>
          </reporter-output>
        </test-method> <!-- addCalenderSuccess -->
        <test-method is-config="true" signature="tearDown()[pri:0, instance:com.dikahadir_selenium.testCases.calender.TC_E_001@192c3f1e]" started-at="2025-06-29T12:30:41 WIB" name="tearDown" finished-at="2025-06-29T12:30:42 WIB" duration-ms="573" status="PASS">
          <reporter-output>
          </reporter-output>
        </test-method> <!-- tearDown -->
      </class> <!-- com.dikahadir_selenium.testCases.calender.TC_E_001 -->
      <class name="com.dikahadir_selenium.testCases.calender.TC_E_011">
        <test-method signature="addDateDetailEmptyType()[pri:0, instance:com.dikahadir_selenium.testCases.calender.TC_E_011@687e99d8]" started-at="2025-06-29T12:29:50 WIB" name="addDateDetailEmptyType" description="TC_E_011" finished-at="2025-06-29T12:29:53 WIB" duration-ms="2337" status="PASS">
          <reporter-output>
          </reporter-output>
        </test-method> <!-- addDateDetailEmptyType -->
      </class> <!-- com.dikahadir_selenium.testCases.calender.TC_E_011 -->
      <class name="com.dikahadir_selenium.testCases.calender.TC_E_014">
        <test-method signature="cancelAddDate()[pri:0, instance:com.dikahadir_selenium.testCases.calender.TC_E_014@c86b9e3]" started-at="2025-06-29T12:30:01 WIB" name="cancelAddDate" description="TC_E_014" finished-at="2025-06-29T12:30:05 WIB" duration-ms="4415" status="PASS">
          <reporter-output>
          </reporter-output>
        </test-method> <!-- cancelAddDate -->
      </class> <!-- com.dikahadir_selenium.testCases.calender.TC_E_014 -->
      <class name="com.dikahadir_selenium.testCases.calender.TC_E_003">
        <test-method signature="addCalenderEmpty()[pri:0, instance:com.dikahadir_selenium.testCases.calender.TC_E_003@7494f96a]" started-at="2025-06-29T12:29:32 WIB" name="addCalenderEmpty" description="TC_E_003" finished-at="2025-06-29T12:29:33 WIB" duration-ms="979" status="PASS">
          <reporter-output>
          </reporter-output>
        </test-method> <!-- addCalenderEmpty -->
      </class> <!-- com.dikahadir_selenium.testCases.calender.TC_E_003 -->
      <class name="com.dikahadir_selenium.testCases.calender.TC_E_013">
        <test-method signature="addDateSendKeys()[pri:0, instance:com.dikahadir_selenium.testCases.calender.TC_E_013@6aaceffd]" started-at="2025-06-29T12:29:56 WIB" name="addDateSendKeys" description="TC_E_013" finished-at="2025-06-29T12:30:01 WIB" duration-ms="4971" status="PASS">
          <reporter-output>
          </reporter-output>
        </test-method> <!-- addDateSendKeys -->
      </class> <!-- com.dikahadir_selenium.testCases.calender.TC_E_013 -->
      <class name="com.dikahadir_selenium.testCases.calender.TC_E_002">
        <test-method signature="addCalenderEmpty()[pri:0, instance:com.dikahadir_selenium.testCases.calender.TC_E_002@26b3fd41]" started-at="2025-06-29T12:29:31 WIB" name="addCalenderEmpty" description="TC_E_002" finished-at="2025-06-29T12:29:32 WIB" duration-ms="1294" status="PASS">
          <reporter-output>
          </reporter-output>
        </test-method> <!-- addCalenderEmpty -->
      </class> <!-- com.dikahadir_selenium.testCases.calender.TC_E_002 -->
      <class name="com.dikahadir_selenium.testCases.calender.TC_E_016">
        <test-method signature="editDescription()[pri:0, instance:com.dikahadir_selenium.testCases.calender.TC_E_016@3af9c5b7]" started-at="2025-06-29T12:30:13 WIB" name="editDescription" description="TC_E_016" finished-at="2025-06-29T12:30:21 WIB" duration-ms="7806" status="PASS">
          <reporter-output>
          </reporter-output>
        </test-method> <!-- editDescription -->
      </class> <!-- com.dikahadir_selenium.testCases.calender.TC_E_016 -->
      <class name="com.dikahadir_selenium.testCases.calender.TC_E_005">
        <test-method signature="editCalenderSuccess()[pri:0, instance:com.dikahadir_selenium.testCases.calender.TC_E_005@2e377400]" started-at="2025-06-29T12:29:35 WIB" name="editCalenderSuccess" description="TC_E_005" finished-at="2025-06-29T12:29:37 WIB" duration-ms="2251" status="PASS">
          <reporter-output>
          </reporter-output>
        </test-method> <!-- editCalenderSuccess -->
      </class> <!-- com.dikahadir_selenium.testCases.calender.TC_E_005 -->
      <class name="com.dikahadir_selenium.testCases.calender.TC_E_015">
        <test-method signature="addDateDuplicate()[pri:0, instance:com.dikahadir_selenium.testCases.calender.TC_E_015@10aa41f2]" started-at="2025-06-29T12:30:05 WIB" name="addDateDuplicate" description="TC_E_015" finished-at="2025-06-29T12:30:13 WIB" duration-ms="8078" status="PASS">
          <reporter-output>
          </reporter-output>
        </test-method> <!-- addDateDuplicate -->
      </class> <!-- com.dikahadir_selenium.testCases.calender.TC_E_015 -->
      <class name="com.dikahadir_selenium.testCases.calender.TC_E_004">
        <test-method signature="resetCalenderSearch()[pri:0, instance:com.dikahadir_selenium.testCases.calender.TC_E_004@561b6512]" started-at="2025-06-29T12:29:33 WIB" name="resetCalenderSearch" description="TC_E_004" finished-at="2025-06-29T12:29:35 WIB" duration-ms="2027" status="PASS">
          <reporter-output>
          </reporter-output>
        </test-method> <!-- resetCalenderSearch -->
      </class> <!-- com.dikahadir_selenium.testCases.calender.TC_E_004 -->
      <class name="com.dikahadir_selenium.testCases.calender.TC_E_018">
        <test-method signature="deleteDetailCalenderData()[pri:0, instance:com.dikahadir_selenium.testCases.calender.TC_E_018@ed7f8b4]" started-at="2025-06-29T12:30:27 WIB" name="deleteDetailCalenderData" description="TC_E_018" finished-at="2025-06-29T12:30:35 WIB" duration-ms="8472" status="PASS">
          <reporter-output>
          </reporter-output>
        </test-method> <!-- deleteDetailCalenderData -->
      </class> <!-- com.dikahadir_selenium.testCases.calender.TC_E_018 -->
      <class name="com.dikahadir_selenium.testCases.calender.TC_E_007">
        <test-method signature="deleteSuccess()[pri:0, instance:com.dikahadir_selenium.testCases.calender.TC_E_007@445b295b]" started-at="2025-06-29T12:29:39 WIB" name="deleteSuccess" description="TC_E_007" finished-at="2025-06-29T12:29:41 WIB" duration-ms="2562" status="PASS">
          <reporter-output>
          </reporter-output>
        </test-method> <!-- deleteSuccess -->
      </class> <!-- com.dikahadir_selenium.testCases.calender.TC_E_007 -->
      <class name="com.dikahadir_selenium.testCases.calender.TC_E_017">
        <test-method signature="editDescriptionEmpty()[pri:0, instance:com.dikahadir_selenium.testCases.calender.TC_E_017@37271612]" started-at="2025-06-29T12:30:21 WIB" name="editDescriptionEmpty" description="TC_E_017" finished-at="2025-06-29T12:30:27 WIB" duration-ms="5515" status="PASS">
          <reporter-output>
          </reporter-output>
        </test-method> <!-- editDescriptionEmpty -->
      </class> <!-- com.dikahadir_selenium.testCases.calender.TC_E_017 -->
      <class name="com.dikahadir_selenium.testCases.calender.TC_E_006">
        <test-method signature="editCalenderEmpty()[pri:0, instance:com.dikahadir_selenium.testCases.calender.TC_E_006@1757cd72]" started-at="2025-06-29T12:29:37 WIB" name="editCalenderEmpty" description="TC_E_006" finished-at="2025-06-29T12:29:39 WIB" duration-ms="1563" status="PASS">
          <reporter-output>
          </reporter-output>
        </test-method> <!-- editCalenderEmpty -->
      </class> <!-- com.dikahadir_selenium.testCases.calender.TC_E_006 -->
    </test> <!-- CalenderTest -->
  </suite> <!-- Suite -->
</testng-results>
